<?xml version="1.0" encoding="UTF-8"?>
<testsuite xmlns:xsi="http://www.w3.org/2001/XMLSchema-instance" xsi:noNamespaceSchemaLocation="https://maven.apache.org/surefire/maven-failsafe-plugin/xsd/failsafe-test-report-3.0.xsd" version="3.0" name="AnalyticsIT" time="67.374" tests="1" errors="0" skipped="0" failures="0">
  <properties>
[...]
</properties>
  <testcase name="test" classname="AnalyticsIT" time="67.304">
    <system-out><![CDATA[1: 	189.40.91.221 - 	BR - 	2025-01-25T10:36:02Z[UTC] - 	2025-01-25T10:36:02Z[UTC] - 	PT0S - 	1
2: 	186.204.23.141 - 	BR - 	2025-01-25T08:34:16Z[UTC] - 	2025-01-25T08:26:45Z[UTC] - 	PT-7M-31S - 	6
3: 	143.107.36.199 - 	BR - 	2025-01-24T20:27:47Z[UTC] - 	2025-01-24T20:27:05Z[UTC] - 	PT-42S - 	3
4: 	177.141.198.44 - 	BR - 	2025-01-24T20:24:11Z[UTC] - 	2025-01-24T20:24:11Z[UTC] - 	PT0S - 	1
5: 	201.6.226.178 - 	BR - 	2025-01-24T19:22:11Z[UTC] - 	2025-01-24T19:16:04Z[UTC] - 	PT-6M-7S - 	4
6: 	191.39.149.56 - 	BR - 	2025-01-24T15:40:11Z[UTC] - 	2025-01-24T15:40:11Z[UTC] - 	PT0S - 	1
7: 	187.90.214.45 - 	BR - 	2025-01-24T12:38:04Z[UTC] - 	2025-01-24T12:38:04Z[UTC] - 	PT0S - 	1
8: 	201.6.102.134 - 	BR - 	2025-01-24T10:09:41Z[UTC] - 	2025-01-24T10:09:41Z[UTC] - 	PT0S - 	1
9: 	191.39.151.117 - 	BR - 	2025-01-24T09:26:18Z[UTC] - 	2025-01-24T09:21:42Z[UTC] - 	PT-4M-36S - 	4
10: 	170.246.81.57 - 	BR - 	2025-01-24T01:52:51Z[UTC] - 	2025-01-21T00:35:48Z[UTC] - 	PT-73H-17M-3S - 	5
11: 	189.96.230.80 - 	BR - 	2025-01-24T00:54:40Z[UTC] - 	2025-01-24T00:54:02Z[UTC] - 	PT-38S - 	5
12: 	177.68.178.5 - 	BR - 	2025-01-24T00:16:35Z[UTC] - 	2025-01-24T00:12:48Z[UTC] - 	PT-3M-47S - 	9
13: 	201.93.86.19 - 	BR - 	2025-01-23T23:33:50Z[UTC] - 	2025-01-23T23:33:50Z[UTC] - 	PT0S - 	1
14: 	186.204.132.53 - 	BR - 	2025-01-23T22:27:11Z[UTC] - 	2025-01-23T22:27:11Z[UTC] - 	PT0S - 	1
15: 	179.209.46.77 - 	BR - 	2025-01-23T19:35:29Z[UTC] - 	2025-01-23T19:35:11Z[UTC] - 	PT-18S - 	2
16: 	179.209.140.59 - 	BR - 	2025-01-23T19:15:37Z[UTC] - 	2025-01-23T19:15:37Z[UTC] - 	PT0S - 	1
17: 	179.145.27.52 - 	BR - 	2025-01-23T17:39:40Z[UTC] - 	2025-01-23T17:39:40Z[UTC] - 	PT0S - 	1
18: 	187.101.33.107 - 	BR - 	2025-01-23T10:52:17Z[UTC] - 	2025-01-23T10:52:17Z[UTC] - 	PT0S - 	1
19: 	186.204.56.210 - 	BR - 	2025-01-23T10:19:14Z[UTC] - 	2025-01-23T10:19:14Z[UTC] - 	PT0S - 	1
20: 	186.204.61.79 - 	BR - 	2025-01-23T09:54:19Z[UTC] - 	2025-01-23T09:54:19Z[UTC] - 	PT0S - 	1
21: 	152.244.79.99 - 	BR - 	2025-01-23T03:08:10Z[UTC] - 	2025-01-23T03:07:21Z[UTC] - 	PT-49S - 	3
22: 	191.254.179.194 - 	BR - 	2025-01-23T01:59:41Z[UTC] - 	2025-01-23T01:58:47Z[UTC] - 	PT-54S - 	5
23: 	177.125.187.106 - 	BR - 	2025-01-23T01:24:12Z[UTC] - 	2025-01-23T01:23:14Z[UTC] - 	PT-58S - 	3
24: 	191.17.35.158 - 	BR - 	2025-01-22T23:47:37Z[UTC] - 	2025-01-22T23:47:02Z[UTC] - 	PT-35S - 	3
25: 	179.135.162.236 - 	BR - 	2025-01-22T23:38:33Z[UTC] - 	2025-01-22T23:38:33Z[UTC] - 	PT0S - 	1
26: 	191.181.59.65 - 	BR - 	2025-01-22T19:05:50Z[UTC] - 	2025-01-22T19:05:32Z[UTC] - 	PT-18S - 	3
27: 	189.79.5.189 - 	BR - 	2025-01-22T18:44:46Z[UTC] - 	2025-01-22T18:44:07Z[UTC] - 	PT-39S - 	3
28: 	179.191.78.50 - 	BR - 	2025-01-22T17:41:06Z[UTC] - 	2025-01-22T17:41:06Z[UTC] - 	PT0S - 	1
29: 	179.228.54.254 - 	BR - 	2025-01-22T16:27:17Z[UTC] - 	2025-01-22T16:27:17Z[UTC] - 	PT0S - 	1
30: 	179.55.74.86 - 	BR - 	2025-01-22T16:24:57Z[UTC] - 	2025-01-22T16:24:57Z[UTC] - 	PT0S - 	1
31: 	177.80.83.248 - 	BR - 	2025-01-22T15:45:55Z[UTC] - 	2025-01-22T15:45:25Z[UTC] - 	PT-30S - 	2
32: 	189.120.72.102 - 	BR - 	2025-01-22T15:28:54Z[UTC] - 	2025-01-22T15:28:38Z[UTC] - 	PT-16S - 	2
33: 	186.204.62.173 - 	BR - 	2025-01-22T13:16:31Z[UTC] - 	2025-01-22T12:59:03Z[UTC] - 	PT-17M-28S - 	29
34: 	200.173.56.141 - 	BR - 	2025-01-22T13:14:01Z[UTC] - 	2025-01-22T13:11:46Z[UTC] - 	PT-2M-15S - 	11
35: 	187.9.172.235 - 	BR - 	2025-01-22T12:20:03Z[UTC] - 	2025-01-22T12:20:03Z[UTC] - 	PT0S - 	1
36: 	172.225.83.33 - 	BR - 	2025-01-22T10:59:43Z[UTC] - 	2025-01-22T10:59:43Z[UTC] - 	PT0S - 	1
37: 	189.98.242.144 - 	BR - 	2025-01-22T00:30:11Z[UTC] - 	2025-01-22T00:30:11Z[UTC] - 	PT0S - 	1
38: 	189.120.72.41 - 	BR - 	2025-01-21T21:36:50Z[UTC] - 	2025-01-21T21:36:50Z[UTC] - 	PT0S - 	1
39: 	189.120.79.118 - 	BR - 	2025-01-21T19:23:23Z[UTC] - 	2025-01-21T19:23:23Z[UTC] - 	PT0S - 	1
40: 	189.41.74.15 - 	BR - 	2025-01-21T18:21:33Z[UTC] - 	2025-01-21T18:21:33Z[UTC] - 	PT0S - 	1
41: 	200.206.131.154 - 	BR - 	2025-01-21T18:05:07Z[UTC] - 	2025-01-21T18:05:07Z[UTC] - 	PT0S - 	1
42: 	186.220.38.152 - 	BR - 	2025-01-21T17:34:09Z[UTC] - 	2025-01-21T17:33:20Z[UTC] - 	PT-49S - 	5
43: 	149.102.233.207 - 	BR - 	2025-01-21T17:23:34Z[UTC] - 	2025-01-21T17:22:10Z[UTC] - 	PT-1M-24S - 	3
44: 	179.209.173.46 - 	BR - 	2025-01-21T10:22:50Z[UTC] - 	2025-01-21T10:22:50Z[UTC] - 	PT0S - 	1
45: 	189.62.149.79 - 	BR - 	2025-01-21T10:10:58Z[UTC] - 	2025-01-21T10:10:58Z[UTC] - 	PT0S - 	1
46: 	191.180.128.17 - 	BR - 	2025-01-20T22:03:20Z[UTC] - 	2025-01-20T22:02:30Z[UTC] - 	PT-50S - 	3
47: 	189.98.244.213 - 	BR - 	2025-01-20T19:56:11Z[UTC] - 	2025-01-20T19:56:11Z[UTC] - 	PT0S - 	1
48: 	177.115.62.238 - 	BR - 	2025-01-20T15:34:58Z[UTC] - 	2025-01-20T15:34:58Z[UTC] - 	PT0S - 	1
49: 	179.119.117.145 - 	BR - 	2025-01-20T13:51:10Z[UTC] - 	2025-01-20T12:50:41Z[UTC] - 	PT-1H-29S - 	2
50: 	177.195.142.202 - 	BR - 	2025-01-20T11:11:44Z[UTC] - 	2025-01-20T11:11:44Z[UTC] - 	PT0S - 	1
51: 	201.55.56.106 - 	BR - 	2025-01-20T02:50:33Z[UTC] - 	2025-01-03T14:57:24Z[UTC] - 	PT-395H-53M-9S - 	6
52: 	177.33.8.252 - 	BR - 	2025-01-20T02:39:50Z[UTC] - 	2025-01-20T02:39:44Z[UTC] - 	PT-6S - 	2
53: 	179.208.184.170 - 	BR - 	2025-01-20T01:09:32Z[UTC] - 	2025-01-20T01:05:55Z[UTC] - 	PT-3M-37S - 	6
54: 	200.53.199.9 - 	BR - 	2025-01-19T23:24:13Z[UTC] - 	2025-01-19T23:23:10Z[UTC] - 	PT-1M-3S - 	3
55: 	187.43.157.223 - 	BR - 	2025-01-19T20:01:53Z[UTC] - 	2025-01-19T20:01:02Z[UTC] - 	PT-51S - 	5
56: 	177.181.3.44 - 	BR - 	2025-01-19T10:36:13Z[UTC] - 	2025-01-19T10:35:04Z[UTC] - 	PT-1M-9S - 	5
57: 	191.254.83.93 - 	BR - 	2025-01-18T23:58:53Z[UTC] - 	2025-01-18T23:57:35Z[UTC] - 	PT-1M-18S - 	7
58: 	179.242.243.240 - 	BR - 	2025-01-18T20:41:55Z[UTC] - 	2025-01-18T20:41:55Z[UTC] - 	PT0S - 	1
59: 	191.19.177.195 - 	BR - 	2025-01-18T19:19:32Z[UTC] - 	2025-01-18T19:19:32Z[UTC] - 	PT0S - 	1
60: 	189.120.76.173 - 	BR - 	2025-01-18T18:29:10Z[UTC] - 	2025-01-18T18:29:10Z[UTC] - 	PT0S - 	1
61: 	179.225.251.20 - 	BR - 	2025-01-18T18:18:36Z[UTC] - 	2025-01-18T18:18:36Z[UTC] - 	PT0S - 	1
62: 	179.209.140.141 - 	BR - 	2025-01-18T16:07:54Z[UTC] - 	2025-01-18T16:07:54Z[UTC] - 	PT0S - 	1
63: 	187.43.212.113 - 	BR - 	2025-01-18T06:02:58Z[UTC] - 	2025-01-18T06:01:47Z[UTC] - 	PT-1M-11S - 	3
64: 	186.204.60.92 - 	BR - 	2025-01-18T03:52:28Z[UTC] - 	2025-01-18T03:52:28Z[UTC] - 	PT0S - 	1
65: 	189.100.69.93 - 	BR - 	2025-01-17T19:08:27Z[UTC] - 	2025-01-17T19:06:43Z[UTC] - 	PT-1M-44S - 	7
66: 	187.37.76.214 - 	BR - 	2025-01-17T17:45:30Z[UTC] - 	2025-01-17T17:45:30Z[UTC] - 	PT0S - 	1
67: 	189.96.231.242 - 	BR - 	2025-01-17T16:36:57Z[UTC] - 	2025-01-17T16:36:57Z[UTC] - 	PT0S - 	1
68: 	191.255.50.187 - 	BR - 	2025-01-17T13:06:29Z[UTC] - 	2025-01-17T13:06:29Z[UTC] - 	PT0S - 	1
69: 	191.255.50.76 - 	BR - 	2025-01-17T02:51:14Z[UTC] - 	2025-01-15T20:59:02Z[UTC] - 	PT-29H-52M-12S - 	8
70: 	189.121.203.203 - 	BR - 	2025-01-17T02:41:29Z[UTC] - 	2025-01-17T02:38:36Z[UTC] - 	PT-2M-53S - 	4
71: 	170.83.29.11 - 	BR - 	2025-01-16T23:53:37Z[UTC] - 	2025-01-16T23:53:37Z[UTC] - 	PT0S - 	1
72: 	187.38.43.186 - 	BR - 	2025-01-16T19:34:16Z[UTC] - 	2025-01-16T19:33:58Z[UTC] - 	PT-18S - 	3
73: 	191.17.32.192 - 	BR - 	2025-01-16T19:25:01Z[UTC] - 	2025-01-16T19:01:49Z[UTC] - 	PT-23M-12S - 	3
74: 	191.23.30.58 - 	BR - 	2025-01-16T19:08:40Z[UTC] - 	2025-01-16T19:08:40Z[UTC] - 	PT0S - 	1
75: 	179.133.87.252 - 	BR - 	2025-01-16T15:22:20Z[UTC] - 	2025-01-16T15:22:20Z[UTC] - 	PT0S - 	1
76: 	201.6.109.180 - 	BR - 	2025-01-16T14:41:59Z[UTC] - 	2025-01-16T14:41:59Z[UTC] - 	PT0S - 	1
77: 	189.100.71.206 - 	BR - 	2025-01-16T12:26:17Z[UTC] - 	2025-01-16T12:18:54Z[UTC] - 	PT-7M-23S - 	12
78: 	189.110.120.78 - 	BR - 	2025-01-15T22:50:13Z[UTC] - 	2025-01-15T22:50:13Z[UTC] - 	PT0S - 	1
79: 	187.75.63.3 - 	BR - 	2025-01-15T17:18:15Z[UTC] - 	2025-01-15T17:18:10Z[UTC] - 	PT-5S - 	2
80: 	187.90.198.211 - 	BR - 	2025-01-15T14:25:46Z[UTC] - 	2025-01-15T14:25:46Z[UTC] - 	PT0S - 	1
81: 	189.38.212.184 - 	BR - 	2025-01-15T11:15:41Z[UTC] - 	2025-01-15T11:15:41Z[UTC] - 	PT0S - 	1
82: 	186.204.63.86 - 	BR - 	2025-01-15T00:57:29Z[UTC] - 	2025-01-15T00:55:46Z[UTC] - 	PT-1M-43S - 	9
83: 	179.130.158.85 - 	BR - 	2025-01-14T22:05:23Z[UTC] - 	2025-01-14T22:04:33Z[UTC] - 	PT-50S - 	3
84: 	186.204.62.22 - 	BR - 	2025-01-14T20:04:41Z[UTC] - 	2025-01-14T19:58:35Z[UTC] - 	PT-6M-6S - 	7
85: 	189.120.78.180 - 	BR - 	2025-01-14T19:37:13Z[UTC] - 	2025-01-14T19:35:32Z[UTC] - 	PT-1M-41S - 	7
86: 	201.42.0.55 - 	BR - 	2025-01-14T18:48:38Z[UTC] - 	2025-01-14T18:48:38Z[UTC] - 	PT0S - 	1
87: 	179.110.31.172 - 	BR - 	2025-01-14T18:36:48Z[UTC] - 	2025-01-14T18:31:27Z[UTC] - 	PT-5M-21S - 	4
88: 	191.254.208.168 - 	BR - 	2025-01-14T16:19:44Z[UTC] - 	2025-01-14T16:19:44Z[UTC] - 	PT0S - 	1
89: 	177.22.151.60 - 	BR - 	2025-01-14T15:19:24Z[UTC] - 	2025-01-14T14:53:39Z[UTC] - 	PT-25M-45S - 	6
90: 	200.173.50.232 - 	BR - 	2025-01-14T14:16:52Z[UTC] - 	2025-01-14T14:14:15Z[UTC] - 	PT-2M-37S - 	4
91: 	189.108.70.130 - 	BR - 	2025-01-14T13:29:45Z[UTC] - 	2025-01-14T13:29:17Z[UTC] - 	PT-28S - 	3
92: 	191.39.144.180 - 	BR - 	2025-01-14T11:52:17Z[UTC] - 	2025-01-14T11:52:17Z[UTC] - 	PT0S - 	1
93: 	179.209.142.72 - 	BR - 	2025-01-14T11:00:20Z[UTC] - 	2025-01-14T11:00:20Z[UTC] - 	PT0S - 	1
94: 	189.120.72.104 - 	BR - 	2025-01-14T05:56:22Z[UTC] - 	2025-01-14T05:53:42Z[UTC] - 	PT-2M-40S - 	9
95: 	187.43.150.143 - 	BR - 	2025-01-14T01:36:43Z[UTC] - 	2025-01-14T01:36:43Z[UTC] - 	PT0S - 	1
96: 	177.26.239.32 - 	BR - 	2025-01-13T23:35:10Z[UTC] - 	2025-01-13T23:35:10Z[UTC] - 	PT0S - 	1
97: 	186.204.140.62 - 	BR - 	2025-01-13T22:08:51Z[UTC] - 	2025-01-13T22:08:51Z[UTC] - 	PT0S - 	1
98: 	177.103.2.67 - 	BR - 	2025-01-13T22:06:08Z[UTC] - 	2025-01-13T22:06:08Z[UTC] - 	PT0S - 	1
99: 	191.254.137.30 - 	BR - 	2025-01-13T20:06:08Z[UTC] - 	2025-01-13T20:05:38Z[UTC] - 	PT-30S - 	3
100: 	201.1.192.131 - 	BR - 	2025-01-13T18:57:18Z[UTC] - 	2025-01-13T18:57:18Z[UTC] - 	PT0S - 	1
101: 	179.130.159.131 - 	BR - 	2025-01-13T18:42:40Z[UTC] - 	2025-01-13T18:42:15Z[UTC] - 	PT-25S - 	3
102: 	177.161.238.12 - 	BR - 	2025-01-13T18:36:49Z[UTC] - 	2025-01-13T18:36:49Z[UTC] - 	PT0S - 	1
103: 	186.204.61.201 - 	BR - 	2025-01-13T18:00:22Z[UTC] - 	2025-01-13T18:00:22Z[UTC] - 	PT0S - 	1
104: 	45.183.241.29 - 	BR - 	2025-01-13T17:01:46Z[UTC] - 	2025-01-13T17:01:46Z[UTC] - 	PT0S - 	1
105: 	177.181.1.137 - 	BR - 	2025-01-13T15:59:03Z[UTC] - 	2025-01-13T15:59:03Z[UTC] - 	PT0S - 	1
106: 	179.228.250.135 - 	BR - 	2025-01-13T14:37:58Z[UTC] - 	2025-01-13T14:37:58Z[UTC] - 	PT0S - 	1
107: 	189.98.245.214 - 	BR - 	2025-01-13T03:56:16Z[UTC] - 	2025-01-13T03:56:16Z[UTC] - 	PT0S - 	1
108: 	179.55.78.10 - 	BR - 	2025-01-13T00:13:48Z[UTC] - 	2025-01-13T00:13:23Z[UTC] - 	PT-25S - 	3
109: 	189.62.45.34 - 	BR - 	2025-01-12T21:58:12Z[UTC] - 	2025-01-12T21:56:36Z[UTC] - 	PT-1M-36S - 	5
110: 	179.225.210.190 - 	BR - 	2025-01-12T11:46:03Z[UTC] - 	2025-01-12T00:21:23Z[UTC] - 	PT-11H-24M-40S - 	2
111: 	186.204.57.114 - 	BR - 	2025-01-12T10:59:12Z[UTC] - 	2025-01-12T10:58:40Z[UTC] - 	PT-32S - 	3
112: 	179.225.208.180 - 	BR - 	2025-01-12T01:06:10Z[UTC] - 	2025-01-12T01:06:10Z[UTC] - 	PT0S - 	1
113: 	187.35.60.72 - 	BR - 	2025-01-12T00:52:59Z[UTC] - 	2025-01-12T00:52:59Z[UTC] - 	PT0S - 	1
114: 	170.246.69.111 - 	BR - 	2025-01-11T23:17:11Z[UTC] - 	2025-01-11T23:15:06Z[UTC] - 	PT-2M-5S - 	9
115: 	189.98.245.23 - 	BR - 	2025-01-11T19:57:50Z[UTC] - 	2025-01-11T19:56:18Z[UTC] - 	PT-1M-32S - 	4
116: 	189.120.72.151 - 	BR - 	2025-01-11T18:08:25Z[UTC] - 	2025-01-11T18:08:25Z[UTC] - 	PT0S - 	1
117: 	179.212.18.183 - 	BR - 	2025-01-11T17:29:31Z[UTC] - 	2025-01-11T17:29:31Z[UTC] - 	PT0S - 	1
118: 	179.113.167.133 - 	BR - 	2025-01-11T15:12:58Z[UTC] - 	2025-01-11T15:00:06Z[UTC] - 	PT-12M-52S - 	4
119: 	187.74.191.227 - 	BR - 	2025-01-11T13:53:24Z[UTC] - 	2025-01-11T13:53:24Z[UTC] - 	PT0S - 	1
120: 	189.120.72.14 - 	BR - 	2025-01-11T01:40:57Z[UTC] - 	2025-01-11T01:38:37Z[UTC] - 	PT-2M-20S - 	2
121: 	45.165.148.32 - 	BR - 	2025-01-11T01:34:34Z[UTC] - 	2025-01-11T01:33:08Z[UTC] - 	PT-1M-26S - 	5
122: 	152.250.164.91 - 	BR - 	2025-01-10T22:35:37Z[UTC] - 	2025-01-10T22:34:33Z[UTC] - 	PT-1M-4S - 	6
123: 	187.26.158.146 - 	BR - 	2025-01-10T22:03:40Z[UTC] - 	2025-01-10T22:02:21Z[UTC] - 	PT-1M-19S - 	7
124: 	177.26.234.111 - 	BR - 	2025-01-10T18:40:01Z[UTC] - 	2025-01-10T18:38:15Z[UTC] - 	PT-1M-46S - 	3
125: 	191.181.219.128 - 	BR - 	2025-01-10T18:33:18Z[UTC] - 	2025-01-10T18:31:54Z[UTC] - 	PT-1M-24S - 	5
126: 	189.96.239.68 - 	BR - 	2025-01-10T18:05:55Z[UTC] - 	2025-01-10T18:05:55Z[UTC] - 	PT0S - 	1
127: 	186.249.133.30 - 	BR - 	2025-01-10T16:00:22Z[UTC] - 	2025-01-10T16:00:22Z[UTC] - 	PT0S - 	1
128: 	152.249.55.204 - 	BR - 	2025-01-10T15:31:22Z[UTC] - 	2025-01-10T15:29:41Z[UTC] - 	PT-1M-41S - 	5
129: 	179.209.174.140 - 	BR - 	2025-01-10T15:24:17Z[UTC] - 	2025-01-10T15:24:06Z[UTC] - 	PT-11S - 	3
130: 	187.90.214.214 - 	BR - 	2025-01-10T10:51:08Z[UTC] - 	2025-01-10T10:51:08Z[UTC] - 	PT0S - 	1
131: 	187.90.202.140 - 	BR - 	2025-01-10T10:50:18Z[UTC] - 	2025-01-10T10:48:02Z[UTC] - 	PT-2M-16S - 	9
132: 	189.62.149.184 - 	BR - 	2025-01-10T04:04:42Z[UTC] - 	2025-01-10T03:26Z[UTC] - 	PT-38M-42S - 	4
133: 	189.46.148.250 - 	BR - 	2025-01-09T19:46:31Z[UTC] - 	2025-01-09T19:45:01Z[UTC] - 	PT-1M-30S - 	4
134: 	152.250.123.184 - 	BR - 	2025-01-09T19:39:08Z[UTC] - 	2025-01-09T19:34:26Z[UTC] - 	PT-4M-42S - 	13
135: 	186.204.61.168 - 	BR - 	2025-01-09T17:57:49Z[UTC] - 	2025-01-09T17:57:49Z[UTC] - 	PT0S - 	1
136: 	177.144.112.253 - 	BR - 	2025-01-09T15:27:15Z[UTC] - 	2025-01-09T15:27:15Z[UTC] - 	PT0S - 	1
137: 	189.29.150.2 - 	BR - 	2025-01-09T15:07:50Z[UTC] - 	2025-01-09T15:07:50Z[UTC] - 	PT0S - 	1
138: 	189.47.60.68 - 	BR - 	2025-01-09T15:03:54Z[UTC] - 	2025-01-09T15:03:41Z[UTC] - 	PT-13S - 	2
139: 	189.47.69.210 - 	BR - 	2025-01-09T14:04:43Z[UTC] - 	2025-01-09T14:03:48Z[UTC] - 	PT-55S - 	5
140: 	177.8.173.47 - 	BR - 	2025-01-09T08:13:08Z[UTC] - 	2025-01-09T08:13:08Z[UTC] - 	PT0S - 	1
141: 	177.32.210.200 - 	BR - 	2025-01-08T19:34:25Z[UTC] - 	2025-01-08T19:34:25Z[UTC] - 	PT0S - 	1
142: 	177.138.194.196 - 	BR - 	2025-01-08T18:41:13Z[UTC] - 	2025-01-08T18:41:13Z[UTC] - 	PT0S - 	1
143: 	200.173.166.182 - 	BR - 	2025-01-08T17:56:55Z[UTC] - 	2025-01-08T17:54:12Z[UTC] - 	PT-2M-43S - 	9
144: 	177.26.227.217 - 	BR - 	2025-01-08T17:51:01Z[UTC] - 	2025-01-08T17:43:40Z[UTC] - 	PT-7M-21S - 	2
145: 	177.189.127.216 - 	BR - 	2025-01-08T17:47:35Z[UTC] - 	2025-01-08T17:47:35Z[UTC] - 	PT0S - 	1
146: 	191.19.15.206 - 	BR - 	2025-01-08T17:15:16Z[UTC] - 	2025-01-08T17:08:43Z[UTC] - 	PT-6M-33S - 	6
147: 	177.26.248.226 - 	BR - 	2025-01-08T16:49:32Z[UTC] - 	2025-01-08T16:49:32Z[UTC] - 	PT0S - 	1
148: 	189.29.149.208 - 	BR - 	2025-01-08T16:30:28Z[UTC] - 	2025-01-08T16:30:28Z[UTC] - 	PT0S - 	1
149: 	189.120.73.15 - 	BR - 	2025-01-08T16:24:22Z[UTC] - 	2025-01-08T16:22:05Z[UTC] - 	PT-2M-17S - 	3
150: 	191.23.30.112 - 	BR - 	2025-01-08T13:31:02Z[UTC] - 	2025-01-08T13:31:02Z[UTC] - 	PT0S - 	1
151: 	177.45.54.18 - 	BR - 	2025-01-08T12:27:44Z[UTC] - 	2025-01-07T01:35:55Z[UTC] - 	PT-34H-51M-49S - 	3
152: 	187.43.159.41 - 	BR - 	2025-01-08T08:21:43Z[UTC] - 	2025-01-08T08:15:40Z[UTC] - 	PT-6M-3S - 	6
153: 	187.180.173.251 - 	BR - 	2025-01-08T02:14:28Z[UTC] - 	2025-01-08T02:14:01Z[UTC] - 	PT-27S - 	2
154: 	187.74.222.238 - 	BR - 	2025-01-07T22:26:38Z[UTC] - 	2025-01-07T22:26:38Z[UTC] - 	PT0S - 	1
155: 	186.204.40.145 - 	BR - 	2025-01-07T21:48:37Z[UTC] - 	2025-01-07T21:48:16Z[UTC] - 	PT-21S - 	4
156: 	177.104.193.185 - 	BR - 	2025-01-07T20:22:24Z[UTC] - 	2025-01-07T20:22:06Z[UTC] - 	PT-18S - 	3
157: 	143.137.249.75 - 	BR - 	2025-01-07T17:28:18Z[UTC] - 	2025-01-07T17:25:59Z[UTC] - 	PT-2M-19S - 	8
158: 	187.101.83.114 - 	BR - 	2025-01-07T17:24:58Z[UTC] - 	2025-01-07T17:24:58Z[UTC] - 	PT0S - 	1
159: 	186.204.63.107 - 	BR - 	2025-01-07T16:44Z[UTC] - 	2025-01-07T16:43:25Z[UTC] - 	PT-35S - 	3
160: 	191.253.105.102 - 	BR - 	2025-01-07T14:50:44Z[UTC] - 	2025-01-07T14:50:44Z[UTC] - 	PT0S - 	1
161: 	189.120.79.197 - 	BR - 	2025-01-07T12:36:37Z[UTC] - 	2025-01-07T12:34:09Z[UTC] - 	PT-2M-28S - 	19
162: 	186.204.59.81 - 	BR - 	2025-01-07T02:33:03Z[UTC] - 	2025-01-07T02:33:03Z[UTC] - 	PT0S - 	1
163: 	200.148.20.8 - 	BR - 	2025-01-07T01:38:58Z[UTC] - 	2025-01-07T01:38:58Z[UTC] - 	PT0S - 	1
164: 	201.42.152.235 - 	BR - 	2025-01-06T22:17:46Z[UTC] - 	2025-01-05T19:00:09Z[UTC] - 	PT-27H-17M-37S - 	8
165: 	179.135.238.150 - 	BR - 	2025-01-06T21:17:04Z[UTC] - 	2025-01-06T21:17:04Z[UTC] - 	PT0S - 	1
166: 	187.43.155.80 - 	BR - 	2025-01-06T15:45:36Z[UTC] - 	2025-01-06T15:45:36Z[UTC] - 	PT0S - 	1
167: 	201.43.52.12 - 	BR - 	2025-01-05T23:47:03Z[UTC] - 	2025-01-05T23:45:43Z[UTC] - 	PT-1M-20S - 	3
168: 	186.204.62.50 - 	BR - 	2025-01-05T22:41:16Z[UTC] - 	2025-01-05T22:40:29Z[UTC] - 	PT-47S - 	7
169: 	189.29.145.188 - 	BR - 	2025-01-05T22:29:52Z[UTC] - 	2025-01-05T22:29:52Z[UTC] - 	PT0S - 	1
170: 	138.199.58.107 - 	BR - 	2025-01-05T22:23:48Z[UTC] - 	2025-01-05T22:21:28Z[UTC] - 	PT-2M-20S - 	7
171: 	179.209.140.207 - 	BR - 	2025-01-05T21:23:57Z[UTC] - 	2025-01-05T21:23:57Z[UTC] - 	PT0S - 	1
172: 	191.39.147.254 - 	BR - 	2025-01-05T00:08:05Z[UTC] - 	2025-01-05T00:06:44Z[UTC] - 	PT-1M-21S - 	2
173: 	186.204.63.205 - 	BR - 	2025-01-04T20:32:44Z[UTC] - 	2025-01-04T20:27:59Z[UTC] - 	PT-4M-45S - 	3
174: 	201.27.95.251 - 	BR - 	2025-01-04T18:33:05Z[UTC] - 	2025-01-04T18:33:05Z[UTC] - 	PT0S - 	1
175: 	179.209.158.64 - 	BR - 	2025-01-04T18:11:20Z[UTC] - 	2025-01-04T18:11:20Z[UTC] - 	PT0S - 	1
176: 	177.60.124.90 - 	BR - 	2025-01-04T16:51:25Z[UTC] - 	2025-01-04T16:51:25Z[UTC] - 	PT0S - 	1
177: 	189.78.48.117 - 	BR - 	2025-01-03T22:52:39Z[UTC] - 	2025-01-03T22:52:28Z[UTC] - 	PT-11S - 	3
178: 	191.255.175.197 - 	BR - 	2025-01-03T17:26:22Z[UTC] - 	2025-01-03T17:26:22Z[UTC] - 	PT0S - 	1
179: 	177.50.33.157 - 	BR - 	2025-01-03T17:08:37Z[UTC] - 	2025-01-03T17:08:37Z[UTC] - 	PT0S - 	1
180: 	177.9.175.253 - 	BR - 	2025-01-03T15:28:39Z[UTC] - 	2025-01-03T15:23:26Z[UTC] - 	PT-5M-13S - 	2
181: 	191.254.89.107 - 	BR - 	2025-01-03T15:16:45Z[UTC] - 	2025-01-03T15:16:45Z[UTC] - 	PT0S - 	1
182: 	191.39.130.117 - 	BR - 	2025-01-03T14:58:33Z[UTC] - 	2025-01-03T14:58:33Z[UTC] - 	PT0S - 	1
183: 	189.68.33.216 - 	BR - 	2025-01-03T14:07:11Z[UTC] - 	2025-01-03T14:07:11Z[UTC] - 	PT0S - 	1
184: 	189.120.76.116 - 	BR - 	2025-01-03T02:18Z[UTC] - 	2025-01-03T02:17:34Z[UTC] - 	PT-26S - 	3
185: 	177.26.227.161 - 	BR - 	2025-01-02T19:11:39Z[UTC] - 	2025-01-02T19:11:39Z[UTC] - 	PT0S - 	1
186: 	179.191.125.118 - 	BR - 	2025-01-02T17:49:55Z[UTC] - 	2025-01-02T17:49:55Z[UTC] - 	PT0S - 	1
187: 	179.84.244.206 - 	BR - 	2025-01-02T14:26:16Z[UTC] - 	2025-01-02T14:25:38Z[UTC] - 	PT-38S - 	3
188: 	177.51.170.187 - 	BR - 	2025-01-02T13:06:57Z[UTC] - 	2025-01-02T13:06:57Z[UTC] - 	PT0S - 	1
189: 	189.98.252.2 - 	BR - 	2025-01-02T10:23:02Z[UTC] - 	2025-01-02T10:23:02Z[UTC] - 	PT0S - 	1
190: 	179.117.19.169 - 	BR - 	2025-01-01T19:24:06Z[UTC] - 	2025-01-01T19:22:48Z[UTC] - 	PT-1M-18S - 	5
191: 	177.172.107.164 - 	BR - 	2025-01-01T15:11:07Z[UTC] - 	2025-01-01T15:11:07Z[UTC] - 	PT0S - 	1
192: 	148.222.192.61 - 	BR - 	2025-01-01T14:56:43Z[UTC] - 	2025-01-01T14:48:18Z[UTC] - 	PT-8M-25S - 	3
193: 	191.180.100.148 - 	BR - 	2025-01-01T14:43:43Z[UTC] - 	2024-12-24T11:54:58Z[UTC] - 	PT-194H-48M-45S - 	101
194: 	189.48.106.200 - 	BR - 	2024-12-31T16:31:29Z[UTC] - 	2024-12-31T16:29:46Z[UTC] - 	PT-1M-43S - 	2
195: 	186.204.56.151 - 	BR - 	2024-12-31T02:17Z[UTC] - 	2024-12-31T02:17Z[UTC] - 	PT0S - 	1
196: 	189.100.68.188 - 	BR - 	2024-12-30T20:47:59Z[UTC] - 	2024-12-30T20:47:54Z[UTC] - 	PT-5S - 	2
197: 	189.40.90.34 - 	BR - 	2024-12-30T18:11:36Z[UTC] - 	2024-12-30T18:11:36Z[UTC] - 	PT0S - 	1
198: 	177.58.246.102 - 	BR - 	2024-12-30T14:52:28Z[UTC] - 	2024-12-30T14:52:20Z[UTC] - 	PT-8S - 	2
199: 	177.45.59.203 - 	BR - 	2024-12-30T13:15:14Z[UTC] - 	2024-12-30T13:13:05Z[UTC] - 	PT-2M-9S - 	3
200: 	45.6.30.202 - 	BR - 	2024-12-30T02:15:33Z[UTC] - 	2024-12-30T02:15:15Z[UTC] - 	PT-18S - 	3
201: 	186.204.251.127 - 	BR - 	2024-12-29T19:20:05Z[UTC] - 	2024-12-29T19:16:58Z[UTC] - 	PT-3M-7S - 	8
202: 	191.254.59.156 - 	BR - 	2024-12-29T09:24:43Z[UTC] - 	2024-12-29T09:23:54Z[UTC] - 	PT-49S - 	5
203: 	179.118.136.57 - 	BR - 	2024-12-29T00:36:30Z[UTC] - 	2024-12-29T00:36:30Z[UTC] - 	PT0S - 	1
204: 	45.180.105.97 - 	BR - 	2024-12-29T00:29:54Z[UTC] - 	2024-12-29T00:29:54Z[UTC] - 	PT0S - 	1
205: 	179.98.187.8 - 	BR - 	2024-12-28T18:45:57Z[UTC] - 	2024-12-28T18:44:38Z[UTC] - 	PT-1M-19S - 	5
206: 	189.120.73.255 - 	BR - 	2024-12-28T17:14:24Z[UTC] - 	2024-12-28T14:17:09Z[UTC] - 	PT-2H-57M-15S - 	3
207: 	189.94.174.6 - 	BR - 	2024-12-28T15:18:54Z[UTC] - 	2024-12-28T15:14:51Z[UTC] - 	PT-4M-3S - 	5
208: 	172.225.100.147 - 	BR - 	2024-12-28T13:06:36Z[UTC] - 	2024-12-28T13:06:36Z[UTC] - 	PT0S - 	1
209: 	172.225.100.144 - 	BR - 	2024-12-28T13:03:49Z[UTC] - 	2024-12-28T13:03:35Z[UTC] - 	PT-14S - 	2
210: 	187.101.81.150 - 	BR - 	2024-12-28T13:02:32Z[UTC] - 	2024-12-28T13:02:32Z[UTC] - 	PT0S - 	1
211: 	187.34.144.223 - 	BR - 	2024-12-27T19:55:03Z[UTC] - 	2024-12-27T19:54:37Z[UTC] - 	PT-26S - 	2
212: 	177.132.52.95 - 	BR - 	2024-12-27T13:49:20Z[UTC] - 	2024-12-27T13:49:20Z[UTC] - 	PT0S - 	1
213: 	191.39.138.205 - 	BR - 	2024-12-27T13:19:38Z[UTC] - 	2024-12-27T13:19:38Z[UTC] - 	PT0S - 	1
214: 	189.120.73.71 - 	BR - 	2024-12-26T23:03:30Z[UTC] - 	2024-12-26T19:12:58Z[UTC] - 	PT-3H-50M-32S - 	2
215: 	189.111.94.114 - 	BR - 	2024-12-26T20:00:11Z[UTC] - 	2024-12-26T20:00:11Z[UTC] - 	PT0S - 	1
216: 	179.208.181.212 - 	BR - 	2024-12-26T19:23:40Z[UTC] - 	2024-12-26T19:23:30Z[UTC] - 	PT-10S - 	2
217: 	186.204.170.200 - 	BR - 	2024-12-26T18:03:04Z[UTC] - 	2024-12-26T18:02:14Z[UTC] - 	PT-50S - 	5
218: 	177.26.230.101 - 	BR - 	2024-12-26T17:58:05Z[UTC] - 	2024-12-26T17:57:51Z[UTC] - 	PT-14S - 	2
219: 	177.68.44.122 - 	BR - 	2024-12-26T15:43:37Z[UTC] - 	2024-12-26T15:43:22Z[UTC] - 	PT-15S - 	3
220: 	187.90.197.70 - 	BR - 	2024-12-25T21:17:41Z[UTC] - 	2024-12-25T21:16:16Z[UTC] - 	PT-1M-25S - 	3
221: 	187.43.141.134 - 	BR - 	2024-12-25T17:20:49Z[UTC] - 	2024-12-25T16:18:34Z[UTC] - 	PT-1H-2M-15S - 	14
222: 	187.90.221.115 - 	BR - 	2024-12-24T21:02:24Z[UTC] - 	2024-12-24T21:02:24Z[UTC] - 	PT0S - 	1
223: 	189.120.79.187 - 	BR - 	2024-12-24T20:50:43Z[UTC] - 	2024-12-24T18:49:07Z[UTC] - 	PT-2H-1M-36S - 	2
]]></system-out>
    <system-err><![CDATA[SLF4J: Failed to load class "org.slf4j.impl.StaticLoggerBinder".
SLF4J: Defaulting to no-operation (NOP) logger implementation
SLF4J: See http://www.slf4j.org/codes.html#StaticLoggerBinder for further details.
]]></system-err>
  </testcase>
</testsuite>